Performing C SOURCE FILE Test CMAKE_HAVE_LIBC_PTHREAD failed with the following output:
Change Dir: C:/QGC-ROS2/cmakeBuild/CMakeFiles/CMakeTmp

Run Build Command(s):C:/PROGRA~2/MICROS~2/2019/COMMUN~1/Common7/IDE/COMMON~1/MICROS~1/CMake/Ninja/ninja.exe cmTC_5ccd4 && [1/2] Building C object CMakeFiles\cmTC_5ccd4.dir\src.c.obj
FAILED: CMakeFiles/cmTC_5ccd4.dir/src.c.obj 
C:\PROGRA~2\MICROS~2\2019\COMMUN~1\VC\Tools\MSVC\1429~1.301\bin\HostX64\x64\cl.exe  /nologo -DCMAKE_HAVE_LIBC_PTHREAD  /DWIN32 /D_WINDOWS /W3  /MDd /Zi /Ob0 /Od /RTC1 /showIncludes /FoCMakeFiles\cmTC_5ccd4.dir\src.c.obj /FdCMakeFiles\cmTC_5ccd4.dir\ /FS -c C:\QGC-ROS2\cmakeBuild\CMakeFiles\CMakeTmp\src.c
C:\QGC-ROS2\cmakeBuild\CMakeFiles\CMakeTmp\src.c(1): fatal error C1083: içerme dosyası açılamıyor: 'pthread.h': No such file or directory
ninja: build stopped: subcommand failed.


Source file was:
#include <pthread.h>

static void* test_func(void* data)
{
  return data;
}

int main(void)
{
  pthread_t thread;
  pthread_create(&thread, NULL, test_func, NULL);
  pthread_detach(thread);
  pthread_cancel(thread);
  pthread_join(thread, NULL);
  pthread_atfork(NULL, NULL, NULL);
  pthread_exit(NULL);

  return 0;
}

Determining if the function pthread_create exists in the pthreads failed with the following output:
Change Dir: C:/QGC-ROS2/cmakeBuild/CMakeFiles/CMakeTmp

Run Build Command(s):C:/PROGRA~2/MICROS~2/2019/COMMUN~1/Common7/IDE/COMMON~1/MICROS~1/CMake/Ninja/ninja.exe cmTC_448fa && [1/2] Building C object CMakeFiles\cmTC_448fa.dir\CheckFunctionExists.c.obj
[2/2] Linking C executable cmTC_448fa.exe
FAILED: cmTC_448fa.exe 
cmd.exe /C "cd . && C:\Qt\Tools\CMake_64\bin\cmake.exe -E vs_link_exe --intdir=CMakeFiles\cmTC_448fa.dir --rc=C:\PROGRA~2\WI3CF2~1\10\bin\100190~1.0\x64\rc.exe --mt=C:\PROGRA~2\WI3CF2~1\10\bin\100190~1.0\x64\mt.exe --manifests  -- C:\PROGRA~2\MICROS~2\2019\COMMUN~1\VC\Tools\MSVC\1429~1.301\bin\Hostx64\x64\link.exe /nologo CMakeFiles\cmTC_448fa.dir\CheckFunctionExists.c.obj  /out:cmTC_448fa.exe /implib:cmTC_448fa.lib /pdb:cmTC_448fa.pdb /version:0.0 /machine:x64  /debug /INCREMENTAL /subsystem:console  pthreads.lib  kernel32.lib user32.lib gdi32.lib winspool.lib shell32.lib ole32.lib oleaut32.lib uuid.lib comdlg32.lib advapi32.lib && cd ."
LINK Pass 1: command "C:\PROGRA~2\MICROS~2\2019\COMMUN~1\VC\Tools\MSVC\1429~1.301\bin\Hostx64\x64\link.exe /nologo CMakeFiles\cmTC_448fa.dir\CheckFunctionExists.c.obj /out:cmTC_448fa.exe /implib:cmTC_448fa.lib /pdb:cmTC_448fa.pdb /version:0.0 /machine:x64 /debug /INCREMENTAL /subsystem:console pthreads.lib kernel32.lib user32.lib gdi32.lib winspool.lib shell32.lib ole32.lib oleaut32.lib uuid.lib comdlg32.lib advapi32.lib /MANIFEST /MANIFESTFILE:CMakeFiles\cmTC_448fa.dir/intermediate.manifest CMakeFiles\cmTC_448fa.dir/manifest.res" failed (exit code 1104) with the following output:
LINK : fatal error LNK1104: 'pthreads.lib' dosyası açılamıyor
ninja: build stopped: subcommand failed.



Determining if the function pthread_create exists in the pthread failed with the following output:
Change Dir: C:/QGC-ROS2/cmakeBuild/CMakeFiles/CMakeTmp

Run Build Command(s):C:/PROGRA~2/MICROS~2/2019/COMMUN~1/Common7/IDE/COMMON~1/MICROS~1/CMake/Ninja/ninja.exe cmTC_0c2a4 && [1/2] Building C object CMakeFiles\cmTC_0c2a4.dir\CheckFunctionExists.c.obj
[2/2] Linking C executable cmTC_0c2a4.exe
FAILED: cmTC_0c2a4.exe 
cmd.exe /C "cd . && C:\Qt\Tools\CMake_64\bin\cmake.exe -E vs_link_exe --intdir=CMakeFiles\cmTC_0c2a4.dir --rc=C:\PROGRA~2\WI3CF2~1\10\bin\100190~1.0\x64\rc.exe --mt=C:\PROGRA~2\WI3CF2~1\10\bin\100190~1.0\x64\mt.exe --manifests  -- C:\PROGRA~2\MICROS~2\2019\COMMUN~1\VC\Tools\MSVC\1429~1.301\bin\Hostx64\x64\link.exe /nologo CMakeFiles\cmTC_0c2a4.dir\CheckFunctionExists.c.obj  /out:cmTC_0c2a4.exe /implib:cmTC_0c2a4.lib /pdb:cmTC_0c2a4.pdb /version:0.0 /machine:x64  /debug /INCREMENTAL /subsystem:console  pthread.lib  kernel32.lib user32.lib gdi32.lib winspool.lib shell32.lib ole32.lib oleaut32.lib uuid.lib comdlg32.lib advapi32.lib && cd ."
LINK Pass 1: command "C:\PROGRA~2\MICROS~2\2019\COMMUN~1\VC\Tools\MSVC\1429~1.301\bin\Hostx64\x64\link.exe /nologo CMakeFiles\cmTC_0c2a4.dir\CheckFunctionExists.c.obj /out:cmTC_0c2a4.exe /implib:cmTC_0c2a4.lib /pdb:cmTC_0c2a4.pdb /version:0.0 /machine:x64 /debug /INCREMENTAL /subsystem:console pthread.lib kernel32.lib user32.lib gdi32.lib winspool.lib shell32.lib ole32.lib oleaut32.lib uuid.lib comdlg32.lib advapi32.lib /MANIFEST /MANIFESTFILE:CMakeFiles\cmTC_0c2a4.dir/intermediate.manifest CMakeFiles\cmTC_0c2a4.dir/manifest.res" failed (exit code 1104) with the following output:
LINK : fatal error LNK1104: 'pthread.lib' dosyası açılamıyor
ninja: build stopped: subcommand failed.



